<?xml version="1.0" encoding="UTF-8"?>
<testng-results skipped="0" failed="0" ignored="0" total="1" passed="1">
  <reporter-output>
  </reporter-output>
  <suite name="Default suite" duration-ms="157393" started-at="2021-03-15T06:19:16Z" finished-at="2021-03-15T06:21:53Z">
    <groups>
    </groups>
    <test name="Default test" duration-ms="157393" started-at="2021-03-15T06:19:16Z" finished-at="2021-03-15T06:21:53Z">
      <class name="com.example4.example4.NewCode">
        <test-method status="PASS" signature="pearson()[pri:0, instance:com.example4.example4.NewCode@754ba872]" name="pearson" duration-ms="156414" started-at="2021-03-15T06:19:16Z" finished-at="2021-03-15T06:21:53Z">
          <reporter-output>
          </reporter-output>
        </test-method> <!-- pearson -->
      </class> <!-- com.example4.example4.NewCode -->
    </test> <!-- Default test -->
  </suite> <!-- Default suite -->
</testng-results>
